# JRE version: Java(TM) SE Runtime Environment (21.0.8+12) (build 21.0.8+12-LTS-250)
# Java VM: Java HotSpot(TM) 64-Bit Server VM (21.0.8+12-LTS-250, mixed mode, sharing, tiered, compressed oops, compressed class ptrs, g1 gc, windows-amd64)
GC Precious Log:
 CardTable entry size: 512
 Card Set container configuration: InlinePtr #cards 4 size 8 Array Of Cards #cards 16 size 48 Howl #buckets 8 coarsen threshold 3686 Howl Bitmap #cards 512 size 80 coarsen threshold 460 Card regions per heap region 1 cards per card region 4096
 CPUs: 20 total, 20 available
 Memory: 16011M
 Large Page Support: Disabled
 NUMA Support: Disabled
 Compressed Oops: Enabled (Zero based)
 Heap Region Size: 2M
 Heap Min Capacity: 8M
 Heap Initial Capacity: 252M
 Heap Max Capacity: 4004M
 Pre-touch: Disabled
 Parallel Workers: 15
 Concurrent Workers: 4
 Concurrent Refinement Workers: 15
 Periodic GC: Disabled
Heap:
 garbage-first heap   total 321536K, used 272183K [0x0000000705c00000, 0x0000000800000000)
  region size 2048K, 65 young (133120K), 3 survivors (6144K)
 Metaspace       used 139584K, committed 140800K, reserved 1179648K
  class space    used 17139K, committed 17728K, reserved 1048576K
GC Heap History (20 events):
Event: 8.932 GC heap before
{Heap before GC invocations=27 (full 0):
 garbage-first heap   total 370688K, used 316307K [0x0000000705c00000, 0x0000000800000000)
  region size 2048K, 108 young (221184K), 3 survivors (6144K)
 Metaspace       used 56760K, committed 57344K, reserved 1114112K
  class space    used 6731K, committed 6976K, reserved 1048576K
}
Event: 8.935 GC heap after
{Heap after GC invocations=28 (full 0):
 garbage-first heap   total 370688K, used 91210K [0x0000000705c00000, 0x0000000800000000)
  region size 2048K, 3 young (6144K), 3 survivors (6144K)
 Metaspace       used 56760K, committed 57344K, reserved 1114112K
  class space    used 6731K, committed 6976K, reserved 1048576K
}
Event: 9.196 GC heap before
{Heap before GC invocations=28 (full 0):
 garbage-first heap   total 370688K, used 306250K [0x0000000705c00000, 0x0000000800000000)
  region size 2048K, 108 young (221184K), 3 survivors (6144K)
 Metaspace       used 56796K, committed 57344K, reserved 1114112K
  class space    used 6736K, committed 6976K, reserved 1048576K
}
Event: 9.199 GC heap after
{Heap after GC invocations=29 (full 0):
 garbage-first heap   total 370688K, used 91405K [0x0000000705c00000, 0x0000000800000000)
  region size 2048K, 3 young (6144K), 3 survivors (6144K)
 Metaspace       used 56796K, committed 57344K, reserved 1114112K
  class space    used 6736K, committed 6976K, reserved 1048576K
}
Event: 9.342 GC heap before
{Heap before GC invocations=29 (full 0):
 garbage-first heap   total 370688K, used 150797K [0x0000000705c00000, 0x0000000800000000)
  region size 2048K, 33 young (67584K), 3 survivors (6144K)
 Metaspace       used 59905K, committed 60416K, reserved 1114112K
  class space    used 7297K, committed 7552K, reserved 1048576K
}
Event: 9.344 GC heap after
{Heap after GC invocations=30 (full 0):
 garbage-first heap   total 370688K, used 92076K [0x0000000705c00000, 0x0000000800000000)
  region size 2048K, 3 young (6144K), 3 survivors (6144K)
 Metaspace       used 59905K, committed 60416K, reserved 1114112K
  class space    used 7297K, committed 7552K, reserved 1048576K
}
Event: 10.011 GC heap before
{Heap before GC invocations=31 (full 0):
 garbage-first heap   total 321536K, used 278444K [0x0000000705c00000, 0x0000000800000000)
  region size 2048K, 94 young (192512K), 3 survivors (6144K)
 Metaspace       used 64784K, committed 65408K, reserved 1114112K
  class space    used 7914K, committed 8192K, reserved 1048576K
}
Event: 10.015 GC heap after
{Heap after GC invocations=32 (full 0):
 garbage-first heap   total 321536K, used 94139K [0x0000000705c00000, 0x0000000800000000)
  region size 2048K, 4 young (8192K), 4 survivors (8192K)
 Metaspace       used 64784K, committed 65408K, reserved 1114112K
  class space    used 7914K, committed 8192K, reserved 1048576K
}
Event: 10.280 GC heap before
{Heap before GC invocations=32 (full 0):
 garbage-first heap   total 321536K, used 278459K [0x0000000705c00000, 0x0000000800000000)
  region size 2048K, 94 young (192512K), 4 survivors (8192K)
 Metaspace       used 66470K, committed 67072K, reserved 1114112K
  class space    used 8133K, committed 8384K, reserved 1048576K
}
Event: 10.283 GC heap after
{Heap after GC invocations=33 (full 0):
 garbage-first heap   total 321536K, used 89645K [0x0000000705c00000, 0x0000000800000000)
  region size 2048K, 5 young (10240K), 5 survivors (10240K)
 Metaspace       used 66470K, committed 67072K, reserved 1114112K
  class space    used 8133K, committed 8384K, reserved 1048576K
}
Event: 11.439 GC heap before
{Heap before GC invocations=33 (full 0):
 garbage-first heap   total 321536K, used 271917K [0x0000000705c00000, 0x0000000800000000)
  region size 2048K, 94 young (192512K), 5 survivors (10240K)
 Metaspace       used 81089K, committed 81792K, reserved 1179648K
  class space    used 9661K, committed 9984K, reserved 1048576K
}
Event: 11.444 GC heap after
{Heap after GC invocations=34 (full 0):
 garbage-first heap   total 321536K, used 94496K [0x0000000705c00000, 0x0000000800000000)
  region size 2048K, 7 young (14336K), 7 survivors (14336K)
 Metaspace       used 81089K, committed 81792K, reserved 1179648K
  class space    used 9661K, committed 9984K, reserved 1048576K
}
Event: 13.839 GC heap before
{Heap before GC invocations=34 (full 0):
 garbage-first heap   total 321536K, used 272672K [0x0000000705c00000, 0x0000000800000000)
  region size 2048K, 94 young (192512K), 7 survivors (14336K)
 Metaspace       used 100471K, committed 101376K, reserved 1179648K
  class space    used 11791K, committed 12224K, reserved 1048576K
}
Event: 13.852 GC heap after
{Heap after GC invocations=35 (full 0):
 garbage-first heap   total 321536K, used 107133K [0x0000000705c00000, 0x0000000800000000)
  region size 2048K, 12 young (24576K), 12 survivors (24576K)
 Metaspace       used 100471K, committed 101376K, reserved 1179648K
  class space    used 11791K, committed 12224K, reserved 1048576K
}
Event: 15.248 GC heap before
{Heap before GC invocations=36 (full 0):
 garbage-first heap   total 321536K, used 275069K [0x0000000705c00000, 0x0000000800000000)
  region size 2048K, 94 young (192512K), 12 survivors (24576K)
 Metaspace       used 113222K, committed 114304K, reserved 1179648K
  class space    used 13553K, committed 14080K, reserved 1048576K
}
Event: 15.259 GC heap after
{Heap after GC invocations=37 (full 0):
 garbage-first heap   total 321536K, used 116806K [0x0000000705c00000, 0x0000000800000000)
  region size 2048K, 11 young (22528K), 11 survivors (22528K)
 Metaspace       used 113222K, committed 114304K, reserved 1179648K
  class space    used 13553K, committed 14080K, reserved 1048576K
}
Event: 23.716 GC heap before
{Heap before GC invocations=37 (full 0):
 garbage-first heap   total 321536K, used 276550K [0x0000000705c00000, 0x0000000800000000)
  region size 2048K, 90 young (184320K), 11 survivors (22528K)
 Metaspace       used 132811K, committed 133952K, reserved 1179648K
  class space    used 16251K, committed 16768K, reserved 1048576K
}
Event: 23.728 GC heap after
{Heap after GC invocations=38 (full 0):
 garbage-first heap   total 321536K, used 125655K [0x0000000705c00000, 0x0000000800000000)
  region size 2048K, 12 young (24576K), 12 survivors (24576K)
 Metaspace       used 132811K, committed 133952K, reserved 1179648K
  class space    used 16251K, committed 16768K, reserved 1048576K
}
Event: 30.486 GC heap before
{Heap before GC invocations=38 (full 0):
 garbage-first heap   total 321536K, used 178903K [0x0000000705c00000, 0x0000000800000000)
  region size 2048K, 39 young (79872K), 12 survivors (24576K)
 Metaspace       used 134648K, committed 135872K, reserved 1179648K
  class space    used 16581K, committed 17152K, reserved 1048576K
}
Event: 30.495 GC heap after
{Heap after GC invocations=39 (full 0):
 garbage-first heap   total 321536K, used 128823K [0x0000000705c00000, 0x0000000800000000)
  region size 2048K, 3 young (6144K), 3 survivors (6144K)
 Metaspace       used 134648K, committed 135872K, reserved 1179648K
  class space    used 16581K, committed 17152K, reserved 1048576K
}

